mode: count
github.com/schedulerapi/httpserver/scheduler_handler.go:18.70,20.2 1 5
github.com/schedulerapi/httpserver/scheduler_handler.go:22.81,27.77 5 3
github.com/schedulerapi/httpserver/scheduler_handler.go:34.2,38.40 4 2
github.com/schedulerapi/httpserver/scheduler_handler.go:44.2,46.52 3 1
github.com/schedulerapi/httpserver/scheduler_handler.go:27.77,32.3 4 1
github.com/schedulerapi/httpserver/scheduler_handler.go:38.40,43.3 4 1
github.com/schedulerapi/httpserver/scheduler_handler.go:50.34,55.2 4 0
github.com/schedulerapi/httpserver/endpoint.go:12.42,12.62 1 3
github.com/schedulerapi/httpserver/endpoint.go:14.49,18.2 1 3
github.com/schedulerapi/httpserver/healthcheck_endpoint_builder.go:4.54,6.2 1 0
github.com/schedulerapi/httpserver/healthcheck_endpoint_builder.go:12.64,19.2 2 0
github.com/schedulerapi/httpserver/healthcheck_handler.go:11.43,13.2 1 0
github.com/schedulerapi/httpserver/healthcheck_handler.go:16.83,18.2 1 0
github.com/schedulerapi/httpserver/router.go:13.16,20.2 4 1
github.com/schedulerapi/httpserver/schedule_endpoint_builder.go:10.19,14.2 1 1
github.com/schedulerapi/httpserver/schedule_endpoint_builder.go:20.62,27.2 2 1
github.com/schedulerapi/scheduler/store.go:19.51,21.16 2 8
github.com/schedulerapi/scheduler/store.go:24.2,24.33 1 7
github.com/schedulerapi/scheduler/store.go:21.16,23.3 1 1
github.com/schedulerapi/scheduler/store.go:27.54,29.16 2 2
github.com/schedulerapi/scheduler/store.go:32.2,33.41 2 2
github.com/schedulerapi/scheduler/store.go:70.2,70.19 1 2
github.com/schedulerapi/scheduler/store.go:29.16,31.3 1 0
github.com/schedulerapi/scheduler/store.go:33.41,35.17 2 2
github.com/schedulerapi/scheduler/store.go:38.3,39.17 2 2
github.com/schedulerapi/scheduler/store.go:43.3,44.17 2 2
github.com/schedulerapi/scheduler/store.go:48.3,49.17 2 2
github.com/schedulerapi/scheduler/store.go:52.3,53.17 2 2
github.com/schedulerapi/scheduler/store.go:57.3,58.17 2 2
github.com/schedulerapi/scheduler/store.go:62.3,68.27 2 2
github.com/schedulerapi/scheduler/store.go:35.17,37.4 1 0
github.com/schedulerapi/scheduler/store.go:39.17,41.4 1 0
github.com/schedulerapi/scheduler/store.go:44.17,46.4 1 0
github.com/schedulerapi/scheduler/store.go:49.17,51.4 1 0
github.com/schedulerapi/scheduler/store.go:53.17,55.4 1 0
github.com/schedulerapi/scheduler/store.go:58.17,60.4 1 0
github.com/schedulerapi/scheduler/store.go:73.54,75.16 2 3
github.com/schedulerapi/scheduler/store.go:78.2,78.36 1 2
github.com/schedulerapi/scheduler/store.go:75.16,77.3 1 1
github.com/schedulerapi/scheduler/store.go:81.91,83.16 2 11
github.com/schedulerapi/scheduler/store.go:87.2,88.22 2 9
github.com/schedulerapi/scheduler/store.go:92.2,100.8 1 9
github.com/schedulerapi/scheduler/store.go:83.16,85.3 1 2
github.com/schedulerapi/scheduler/store.go:88.22,90.3 1 1
github.com/schedulerapi/scheduler/store.go:103.58,105.31 2 11
github.com/schedulerapi/scheduler/store.go:112.2,113.26 2 9
github.com/schedulerapi/scheduler/store.go:105.31,107.17 2 10
github.com/schedulerapi/scheduler/store.go:110.3,110.52 1 8
github.com/schedulerapi/scheduler/store.go:107.17,109.4 1 2
github.com/schedulerapi/scheduler/store.go:116.89,118.38 2 2
github.com/schedulerapi/scheduler/store.go:121.2,124.16 4 2
github.com/schedulerapi/scheduler/store.go:127.2,127.41 1 2
github.com/schedulerapi/scheduler/store.go:138.2,138.20 1 2
github.com/schedulerapi/scheduler/store.go:118.38,120.3 1 0
github.com/schedulerapi/scheduler/store.go:124.16,126.3 1 0
github.com/schedulerapi/scheduler/store.go:127.41,131.17 4 2
github.com/schedulerapi/scheduler/store.go:134.3,135.33 2 2
github.com/schedulerapi/scheduler/store.go:131.17,133.4 1 0
github.com/schedulerapi/scheduler/scheduler.go:21.45,31.2 2 3
github.com/schedulerapi/scheduler/scheduler.go:34.114,36.16 2 3
github.com/schedulerapi/scheduler/scheduler.go:40.2,47.17 6 2
github.com/schedulerapi/scheduler/scheduler.go:52.2,52.25 1 2
github.com/schedulerapi/scheduler/scheduler.go:36.16,38.3 1 1
github.com/schedulerapi/scheduler/scheduler.go:47.17,50.3 2 0
github.com/schedulerapi/scheduler/scheduler.go:56.125,58.16 2 3
github.com/schedulerapi/scheduler/scheduler.go:62.2,69.25 6 2
github.com/schedulerapi/scheduler/scheduler.go:58.16,60.3 1 1
github.com/schedulerapi/scheduler/scheduler.go:74.43,77.50 1 0
github.com/schedulerapi/scheduler/scheduler.go:81.2,83.32 2 0
github.com/schedulerapi/scheduler/scheduler.go:89.2,89.12 1 0
github.com/schedulerapi/scheduler/scheduler.go:77.50,79.3 1 0
github.com/schedulerapi/scheduler/scheduler.go:83.32,84.55 1 0
github.com/schedulerapi/scheduler/scheduler.go:84.55,86.4 1 0
github.com/schedulerapi/scheduler/scheduler.go:93.36,95.2 1 0
github.com/schedulerapi/scheduler/scheduler.go:99.58,101.12 2 0
github.com/schedulerapi/scheduler/scheduler.go:105.2,107.12 3 0
github.com/schedulerapi/scheduler/scheduler.go:101.12,103.3 1 0
github.com/schedulerapi/scheduler/scheduler.go:111.37,112.51 1 0
github.com/schedulerapi/scheduler/scheduler.go:116.2,116.49 1 0
github.com/schedulerapi/scheduler/scheduler.go:112.51,115.3 2 0
github.com/schedulerapi/scheduler/scheduler.go:119.51,122.16 2 0
github.com/schedulerapi/scheduler/scheduler.go:125.2,125.31 1 0
github.com/schedulerapi/scheduler/scheduler.go:164.2,164.12 1 0
github.com/schedulerapi/scheduler/scheduler.go:122.16,124.3 1 0
github.com/schedulerapi/scheduler/scheduler.go:125.31,130.14 2 0
github.com/schedulerapi/scheduler/scheduler.go:139.3,140.10 2 0
github.com/schedulerapi/scheduler/scheduler.go:149.3,149.63 1 0
github.com/schedulerapi/scheduler/scheduler.go:159.3,159.71 1 0
github.com/schedulerapi/scheduler/scheduler.go:130.14,133.12 3 0
github.com/schedulerapi/scheduler/scheduler.go:140.10,146.4 4 0
github.com/schedulerapi/scheduler/scheduler.go:149.63,155.12 3 0
github.com/schedulerapi/scheduler/scheduler.go:159.71,162.4 1 0
github.com/schedulerapi/scheduler/scheduler.go:167.42,168.39 1 2
github.com/schedulerapi/scheduler/scheduler.go:168.39,169.19 1 2
github.com/schedulerapi/scheduler/scheduler.go:169.19,172.25 2 2
github.com/schedulerapi/scheduler/scheduler.go:172.25,175.5 2 1
github.com/schedulerapi/scheduler/scheduler.go:180.59,183.2 2 4
github.com/schedulerapi/scheduler/task/registry.go:29.38,33.2 1 11
github.com/schedulerapi/scheduler/task/registry.go:36.71,38.38 2 14
github.com/schedulerapi/scheduler/task/registry.go:42.2,44.16 3 13
github.com/schedulerapi/scheduler/task/registry.go:47.2,52.29 2 13
github.com/schedulerapi/scheduler/task/registry.go:38.38,40.3 1 1
github.com/schedulerapi/scheduler/task/registry.go:44.16,46.3 1 0
github.com/schedulerapi/scheduler/task/registry.go:55.46,57.2 1 0
github.com/schedulerapi/scheduler/task/registry.go:60.65,62.8 2 13
github.com/schedulerapi/scheduler/task/registry.go:65.2,65.66 1 13
github.com/schedulerapi/scheduler/task/registry.go:62.8,64.3 1 0
github.com/schedulerapi/scheduler/task/registry.go:69.51,71.8 2 1
github.com/schedulerapi/scheduler/task/registry.go:74.2,74.14 1 1
github.com/schedulerapi/scheduler/task/registry.go:71.8,73.3 1 0
github.com/schedulerapi/scheduler/task/registry.go:78.51,81.46 3 1
github.com/schedulerapi/scheduler/task/registry.go:85.2,85.19 1 1
github.com/schedulerapi/scheduler/task/registry.go:81.46,84.3 2 2
github.com/schedulerapi/scheduler/task/registry.go:88.87,91.46 3 13
github.com/schedulerapi/scheduler/task/registry.go:95.2,95.19 1 13
github.com/schedulerapi/scheduler/task/registry.go:91.46,94.3 2 12
github.com/schedulerapi/scheduler/task/task.go:30.55,35.2 1 4
github.com/schedulerapi/scheduler/task/task.go:38.86,44.2 1 1
github.com/schedulerapi/scheduler/task/task.go:47.32,50.2 2 3
github.com/schedulerapi/scheduler/task/task.go:53.25,61.36 4 3
github.com/schedulerapi/scheduler/task/task.go:64.2,64.23 1 3
github.com/schedulerapi/scheduler/task/task.go:61.36,63.3 1 2
github.com/schedulerapi/scheduler/task/task.go:68.29,75.2 6 1
github.com/schedulerapi/scheduler/task/task.go:77.37,78.23 1 3
github.com/schedulerapi/scheduler/task/task.go:82.2,83.48 2 1
github.com/schedulerapi/scheduler/task/task.go:78.23,80.3 1 2
github.com/schedulerapi/scheduler/task/mock.go:11.37,13.2 1 2
github.com/schedulerapi/scheduler/task/mock.go:16.61,18.2 1 1
github.com/schedulerapi/scheduler/task/mock.go:21.56,23.2 1 0
